
To display the knapsack matrix

0    0    0    0    0    0    0    0    0    0    0    
0    1    1    1    1    1    1    1    1    1    1    
0    1    2    3    3    3    3    3    3    3    3    
0    1    2    3    4    5    6    6    6    6    6    
0    1    2    3    4    5    6    7    8    9   10    
0    1    2    3    4    5    6    7    8    9   10    
0    1    2    3    4    5    6    7    8    9   10    
0    1    2    3    4    5    6    7    8    9   10    
0    1    2    3    4    5    6    7    8    9   10    

To display the group found
4    3    2    1
To display the modified value matrix
0    0    0    0    5    5    3    7   


To display the knapsack matrix

0    0    0    0    0    0    0    0    0    0    0    
0    0    0    0    0    0    0    0    0    0    0    
0    0    0    0    0    0    0    0    0    0    0    
0    0    0    0    0    0    0    0    0    0    0    
0    0    0    0    0    0    0    0    0    0    0    
0    0    0    0    0    5    5    5    5    5    5    
0    0    0    0    0    5    5    5    5    5   10    
0    0    0    3    3    5    5    5    8    8   10    
0    0    0    3    3    5    5    7    8    8   10    

To display the group found
5    5
To display the modified value matrix
0    0    0    0    0    0    3    7   


To display the knapsack matrix

0    0    0    0    0    0    0    0    0    0    0    
0    0    0    0    0    0    0    0    0    0    0    
0    0    0    0    0    0    0    0    0    0    0    
0    0    0    0    0    0    0    0    0    0    0    
0    0    0    0    0    0    0    0    0    0    0    
0    0    0    0    0    0    0    0    0    0    0    
0    0    0    0    0    0    0    0    0    0    0    
0    0    0    3    3    3    3    3    3    3    3    
0    0    0    3    3    3    3    7    7    7   10    

To display the group found
7    3
To display the modified value matrix
0    0    0    0    0    0    0    0   


To display the knapsack matrix

0    0    0    0    0    0    0    0    0    0    0    
0    0    0    0    0    0    0    0    0    0    0    
0    0    0    0    0    0    0    0    0    0    0    
0    0    0    0    0    0    0    0    0    0    0    
0    0    0    0    0    0    0    0    0    0    0    
0    0    0    0    0    0    0    0    0    0    0    
0    0    0    0    0    0    0    0    0    0    0    
0    0    0    0    0    0    0    0    0    0    0    
0    0    0    0    0    0    0    0    0    0    0    

To display the modified value matrix
0    0    0    0    0    0    0    0   

1