
Diplaying the inited max matrix

5    0    0    0    0    0    
0    8    0    0    0    0    
0    0    7    0    0    0    
0    0    0    4    0    0    
0    0    0    0    8    0    
0    0    0    0    0    9    
At top of MinAndMax *min = 1000 *max = -1000 i = 0 j = 1
k = 0 op[k] = -
a = -3 b = -3 c = -3 d = -3m[0][1] = -3 M[0][1] = -3 

At top of MinAndMax *min = 1000 *max = -1000 i = 1 j = 2
k = 1 op[k] = +
a = 15 b = 15 c = 15 d = 15m[1][2] = 15 M[1][2] = 15 

At top of MinAndMax *min = 1000 *max = -1000 i = 2 j = 3
k = 2 op[k] = *
a = 28 b = 28 c = 28 d = 28m[2][3] = 28 M[2][3] = 28 

At top of MinAndMax *min = 1000 *max = -1000 i = 3 j = 4
k = 3 op[k] = -
a = -4 b = -4 c = -4 d = -4m[3][4] = -4 M[3][4] = -4 

At top of MinAndMax *min = 1000 *max = -1000 i = 4 j = 5
k = 4 op[k] = +
a = 17 b = 17 c = 17 d = 17m[4][5] = 17 M[4][5] = 17 

At top of MinAndMax *min = 1000 *max = -1000 i = 0 j = 2
k = 0 op[k] = -
a = -10 b = -10 c = -10 d = -10k = 1 op[k] = +
a = 4 b = 4 c = 4 d = 4m[0][2] = -10 M[0][2] = 4 

At top of MinAndMax *min = 1000 *max = -1000 i = 1 j = 3
k = 1 op[k] = +
a = 36 b = 36 c = 36 d = 36k = 2 op[k] = *
a = 60 b = 60 c = 60 d = 60m[1][3] = 36 M[1][3] = 60 

At top of MinAndMax *min = 1000 *max = -1000 i = 2 j = 4
k = 2 op[k] = *
a = -28 b = -28 c = -28 d = -28k = 3 op[k] = -
a = 20 b = 20 c = 20 d = 20m[2][4] = -28 M[2][4] = 20 

At top of MinAndMax *min = 1000 *max = -1000 i = 3 j = 5
k = 3 op[k] = -
a = -13 b = -13 c = -13 d = -13k = 4 op[k] = +
a = 5 b = 5 c = 5 d = 5m[3][5] = -13 M[3][5] = 5 

At top of MinAndMax *min = 1000 *max = -1000 i = 0 j = 3
k = 0 op[k] = -
a = -31 b = -55 c = -31 d = -55k = 1 op[k] = +
a = 25 b = 25 c = 25 d = 25k = 2 op[k] = *
a = -40 b = -40 c = 16 d = 16m[0][3] = -55 M[0][3] = 25 

At top of MinAndMax *min = 1000 *max = -1000 i = 1 j = 4
k = 1 op[k] = +
a = -20 b = 28 c = -20 d = 28k = 2 op[k] = *
a = -60 b = -60 c = -60 d = -60k = 3 op[k] = -
a = 28 b = 28 c = 52 d = 52m[1][4] = -60 M[1][4] = 52 

At top of MinAndMax *min = 1000 *max = -1000 i = 2 j = 5
k = 2 op[k] = *
a = -91 b = 35 c = -91 d = 35k = 3 op[k] = -
a = 11 b = 11 c = 11 d = 11k = 4 op[k] = +
a = -19 b = -19 c = 29 d = 29m[2][5] = -91 M[2][5] = 35 

At top of MinAndMax *min = 1000 *max = -1000 i = 0 j = 4
k = 0 op[k] = -
a = 65 b = -47 c = 65 d = -47k = 1 op[k] = +
a = -31 b = 17 c = -31 d = 17k = 2 op[k] = *
a = 40 b = 40 c = -16 d = -16k = 3 op[k] = -
a = -63 b = -63 c = 17 d = 17m[0][4] = -63 M[0][4] = 65 

At top of MinAndMax *min = 1000 *max = -1000 i = 1 j = 5
k = 1 op[k] = +
a = -83 b = 43 c = -83 d = 43k = 2 op[k] = *
a = -195 b = 75 c = -195 d = 75k = 3 op[k] = -
a = 19 b = 19 c = 43 d = 43k = 4 op[k] = +
a = -51 b = -51 c = 61 d = 61m[1][5] = -195 M[1][5] = 75 

At top of MinAndMax *min = 1000 *max = -1000 i = 0 j = 5
k = 0 op[k] = -
a = 200 b = -70 c = 200 d = -70k = 1 op[k] = +
a = -94 b = 32 c = -94 d = 32k = 2 op[k] = *
a = 130 b = -50 c = -52 d = 20k = 3 op[k] = -
a = -72 b = -72 c = 8 d = 8k = 4 op[k] = +
a = -54 b = -54 c = 74 d = 74m[0][5] = -94 M[0][5] = 200 


Diplaying the final max matrix

5   -3    4   25   65  200    
0    8   15   60   52   75    
0    0    7   28   20   35    
0    0    0    4   -4    5    
0    0    0    0    8   17    
0    0    0    0    0    9    

Diplaying the final min matrix

5   -3  -10  -55  -63  -94    
0    8   15   36  -60 -195    
0    0    7   28  -28  -91    
0    0    0    4   -4  -13    
0    0    0    0    8   17    
0    0    0    0    0    9    
200