
The 2 polynomials to be multiplied are to be of order 7 as entered by user

Enter the coefficients from most significant to least signifcant

Polynomial1 is 8x^7 +7x^6 +6x^5 +5x^4 +4x^3 +3x^2 +2x^1 +1

Polynomial2 is 1x^7 +2x^6 +3x^5 +4x^4 +5x^3 +6x^2 +7x^1 +8

Passing al = 0, bl = 0, n = {n/2} = 4

Passing al = 0, bl = 0, n = {n/2} = 2

Passing al = 0, bl = 0, n = {n/2} = 1

temp = a[0] * b[0] ; 8 = 8 * 1

Passing al = {al+n/2} = 1, bl = {bl+n/2} = 1, n = {n/2} = 1

temp = a[1] * b[1] ; 14 = 7 * 2

Passing al = 0, bl = {bl+n/2} = 1, n = {n/2} = 1

temp = a[0] * b[1] ; 16 = 8 * 2

Passing al = {al+n/2}= 1, bl = 0, n = {n/2} = 1

temp = a[1] * b[0] ; 7 = 7 * 1

Passing al = {al+n/2} = 2, bl = {bl+n/2} = 2, n = {n/2} = 2

Passing al = 2, bl = 2, n = {n/2} = 1

temp = a[2] * b[2] ; 18 = 6 * 3

Passing al = {al+n/2} = 3, bl = {bl+n/2} = 3, n = {n/2} = 1

temp = a[3] * b[3] ; 20 = 5 * 4

Passing al = 2, bl = {bl+n/2} = 3, n = {n/2} = 1

temp = a[2] * b[3] ; 24 = 6 * 4

Passing al = {al+n/2}= 3, bl = 2, n = {n/2} = 1

temp = a[3] * b[2] ; 15 = 5 * 3

Passing al = 0, bl = {bl+n/2} = 2, n = {n/2} = 2

Passing al = 0, bl = 2, n = {n/2} = 1

temp = a[0] * b[2] ; 24 = 8 * 3

Passing al = {al+n/2} = 1, bl = {bl+n/2} = 3, n = {n/2} = 1

temp = a[1] * b[3] ; 28 = 7 * 4

Passing al = 0, bl = {bl+n/2} = 3, n = {n/2} = 1

temp = a[0] * b[3] ; 32 = 8 * 4

Passing al = {al+n/2}= 1, bl = 2, n = {n/2} = 1

temp = a[1] * b[2] ; 21 = 7 * 3

Passing al = {al+n/2}= 2, bl = 0, n = {n/2} = 2

Passing al = 2, bl = 0, n = {n/2} = 1

temp = a[2] * b[0] ; 6 = 6 * 1

Passing al = {al+n/2} = 3, bl = {bl+n/2} = 1, n = {n/2} = 1

temp = a[3] * b[1] ; 10 = 5 * 2

Passing al = 2, bl = {bl+n/2} = 1, n = {n/2} = 1

temp = a[2] * b[1] ; 12 = 6 * 2

Passing al = {al+n/2}= 3, bl = 0, n = {n/2} = 1

temp = a[3] * b[0] ; 5 = 5 * 1

Passing al = {al+n/2} = 4, bl = {bl+n/2} = 4, n = {n/2} = 4

Passing al = 4, bl = 4, n = {n/2} = 2

Passing al = 4, bl = 4, n = {n/2} = 1

temp = a[4] * b[4] ; 20 = 4 * 5

Passing al = {al+n/2} = 5, bl = {bl+n/2} = 5, n = {n/2} = 1

temp = a[5] * b[5] ; 18 = 3 * 6

Passing al = 4, bl = {bl+n/2} = 5, n = {n/2} = 1

temp = a[4] * b[5] ; 24 = 4 * 6

Passing al = {al+n/2}= 5, bl = 4, n = {n/2} = 1

temp = a[5] * b[4] ; 15 = 3 * 5

Passing al = {al+n/2} = 6, bl = {bl+n/2} = 6, n = {n/2} = 2

Passing al = 6, bl = 6, n = {n/2} = 1

temp = a[6] * b[6] ; 14 = 2 * 7

Passing al = {al+n/2} = 7, bl = {bl+n/2} = 7, n = {n/2} = 1

temp = a[7] * b[7] ; 8 = 1 * 8

Passing al = 6, bl = {bl+n/2} = 7, n = {n/2} = 1

temp = a[6] * b[7] ; 16 = 2 * 8

Passing al = {al+n/2}= 7, bl = 6, n = {n/2} = 1

temp = a[7] * b[6] ; 7 = 1 * 7

Passing al = 4, bl = {bl+n/2} = 6, n = {n/2} = 2

Passing al = 4, bl = 6, n = {n/2} = 1

temp = a[4] * b[6] ; 28 = 4 * 7

Passing al = {al+n/2} = 5, bl = {bl+n/2} = 7, n = {n/2} = 1

temp = a[5] * b[7] ; 24 = 3 * 8

Passing al = 4, bl = {bl+n/2} = 7, n = {n/2} = 1

temp = a[4] * b[7] ; 32 = 4 * 8

Passing al = {al+n/2}= 5, bl = 6, n = {n/2} = 1

temp = a[5] * b[6] ; 21 = 3 * 7

Passing al = {al+n/2}= 6, bl = 4, n = {n/2} = 2

Passing al = 6, bl = 4, n = {n/2} = 1

temp = a[6] * b[4] ; 10 = 2 * 5

Passing al = {al+n/2} = 7, bl = {bl+n/2} = 5, n = {n/2} = 1

temp = a[7] * b[5] ; 6 = 1 * 6

Passing al = 6, bl = {bl+n/2} = 5, n = {n/2} = 1

temp = a[6] * b[5] ; 12 = 2 * 6

Passing al = {al+n/2}= 7, bl = 4, n = {n/2} = 1

temp = a[7] * b[4] ; 5 = 1 * 5

Passing al = 0, bl = {bl+n/2} = 4, n = {n/2} = 4

Passing al = 0, bl = 4, n = {n/2} = 2

Passing al = 0, bl = 4, n = {n/2} = 1

temp = a[0] * b[4] ; 40 = 8 * 5

Passing al = {al+n/2} = 1, bl = {bl+n/2} = 5, n = {n/2} = 1

temp = a[1] * b[5] ; 42 = 7 * 6

Passing al = 0, bl = {bl+n/2} = 5, n = {n/2} = 1

temp = a[0] * b[5] ; 48 = 8 * 6

Passing al = {al+n/2}= 1, bl = 4, n = {n/2} = 1

temp = a[1] * b[4] ; 35 = 7 * 5

Passing al = {al+n/2} = 2, bl = {bl+n/2} = 6, n = {n/2} = 2

Passing al = 2, bl = 6, n = {n/2} = 1

temp = a[2] * b[6] ; 42 = 6 * 7

Passing al = {al+n/2} = 3, bl = {bl+n/2} = 7, n = {n/2} = 1

temp = a[3] * b[7] ; 40 = 5 * 8

Passing al = 2, bl = {bl+n/2} = 7, n = {n/2} = 1

temp = a[2] * b[7] ; 48 = 6 * 8

Passing al = {al+n/2}= 3, bl = 6, n = {n/2} = 1

temp = a[3] * b[6] ; 35 = 5 * 7

Passing al = 0, bl = {bl+n/2} = 6, n = {n/2} = 2

Passing al = 0, bl = 6, n = {n/2} = 1

temp = a[0] * b[6] ; 56 = 8 * 7

Passing al = {al+n/2} = 1, bl = {bl+n/2} = 7, n = {n/2} = 1

temp = a[1] * b[7] ; 56 = 7 * 8

Passing al = 0, bl = {bl+n/2} = 7, n = {n/2} = 1

temp = a[0] * b[7] ; 64 = 8 * 8

Passing al = {al+n/2}= 1, bl = 6, n = {n/2} = 1

temp = a[1] * b[6] ; 49 = 7 * 7

Passing al = {al+n/2}= 2, bl = 4, n = {n/2} = 2

Passing al = 2, bl = 4, n = {n/2} = 1

temp = a[2] * b[4] ; 30 = 6 * 5

Passing al = {al+n/2} = 3, bl = {bl+n/2} = 5, n = {n/2} = 1

temp = a[3] * b[5] ; 30 = 5 * 6

Passing al = 2, bl = {bl+n/2} = 5, n = {n/2} = 1

temp = a[2] * b[5] ; 36 = 6 * 6

Passing al = {al+n/2}= 3, bl = 4, n = {n/2} = 1

temp = a[3] * b[4] ; 25 = 5 * 5

Passing al = {al+n/2}= 4, bl = 0, n = {n/2} = 4

Passing al = 4, bl = 0, n = {n/2} = 2

Passing al = 4, bl = 0, n = {n/2} = 1

temp = a[4] * b[0] ; 4 = 4 * 1

Passing al = {al+n/2} = 5, bl = {bl+n/2} = 1, n = {n/2} = 1

temp = a[5] * b[1] ; 6 = 3 * 2

Passing al = 4, bl = {bl+n/2} = 1, n = {n/2} = 1

temp = a[4] * b[1] ; 8 = 4 * 2

Passing al = {al+n/2}= 5, bl = 0, n = {n/2} = 1

temp = a[5] * b[0] ; 3 = 3 * 1

Passing al = {al+n/2} = 6, bl = {bl+n/2} = 2, n = {n/2} = 2

Passing al = 6, bl = 2, n = {n/2} = 1

temp = a[6] * b[2] ; 6 = 2 * 3

Passing al = {al+n/2} = 7, bl = {bl+n/2} = 3, n = {n/2} = 1

temp = a[7] * b[3] ; 4 = 1 * 4

Passing al = 6, bl = {bl+n/2} = 3, n = {n/2} = 1

temp = a[6] * b[3] ; 8 = 2 * 4

Passing al = {al+n/2}= 7, bl = 2, n = {n/2} = 1

temp = a[7] * b[2] ; 3 = 1 * 3

Passing al = 4, bl = {bl+n/2} = 2, n = {n/2} = 2

Passing al = 4, bl = 2, n = {n/2} = 1

temp = a[4] * b[2] ; 12 = 4 * 3

Passing al = {al+n/2} = 5, bl = {bl+n/2} = 3, n = {n/2} = 1

temp = a[5] * b[3] ; 12 = 3 * 4

Passing al = 4, bl = {bl+n/2} = 3, n = {n/2} = 1

temp = a[4] * b[3] ; 16 = 4 * 4

Passing al = {al+n/2}= 5, bl = 2, n = {n/2} = 1

temp = a[5] * b[2] ; 9 = 3 * 3

Passing al = {al+n/2}= 6, bl = 0, n = {n/2} = 2

Passing al = 6, bl = 0, n = {n/2} = 1

temp = a[6] * b[0] ; 2 = 2 * 1

Passing al = {al+n/2} = 7, bl = {bl+n/2} = 1, n = {n/2} = 1

temp = a[7] * b[1] ; 2 = 1 * 2

Passing al = 6, bl = {bl+n/2} = 1, n = {n/2} = 1

temp = a[6] * b[1] ; 4 = 2 * 2

Passing al = {al+n/2}= 7, bl = 0, n = {n/2} = 1

temp = a[7] * b[0] ; 1 = 1 * 1

Resultant polynomial from polynomial1 * polynomial2 is 
8x^14 +23x^13 +44x^12 +70x^11 +100x^10 +133x^9 +168x^8 +204x^7 +168x^6 +133x^5 +100x^4 +70x^3 +44x^2 +23x^1 +8

Resultant polynomial from polynomial1 * polynomial2 using naive approach is 
8x^14 +23x^13 +44x^12 +70x^11 +100x^10 +133x^9 +168x^8 +204x^7 +168x^6 +133x^5 +100x^4 +70x^3 +44x^2 +23x^1 +8

Successful computation using divide & conquer
